Der Buildvorgang wurde am 20.05.2016 18:11:15 gestartet.
     1>Projekt "C:\Users\David\Workspace\Uni_Programme\HighPerformanceComputing\NeuralNetworkParallel\NeuralXORParallel\NeuralXORParallel\NeuralXORParallel.vcxproj" auf Knoten "2", Build Ziel(e).
     1>AddCudaCompileDeps:
         C:\Program Files (x86)\Microsoft Visual Studio 11.0\VC\bin\cl.exe /E /nologo /showIncludes /TP /D__CUDACC__ /DWIN32 /DNDEBUG /D_CONSOLE /D_MBCS /I"C:\Program Files\NVIDIA GPU Computing Toolkit\CUDA\v7.5\include" /I"C:\Program Files\NVIDIA GPU Computing Toolkit\CUDA\v7.5\bin" /I"C:\Program Files\NVIDIA GPU Computing Toolkit\CUDA\v7.5\include" /I. /FIcuda_runtime.h /c C:\Users\David\Workspace\Uni_Programme\HighPerformanceComputing\NeuralNetworkParallel\NeuralXORParallel\NeuralXORParallel\BackpropagationKernel.cu 
       AddCudaCompileDeps:
         C:\Program Files (x86)\Microsoft Visual Studio 11.0\VC\bin\cl.exe /E /nologo /showIncludes /TP /D__CUDACC__ /DWIN32 /DNDEBUG /D_CONSOLE /D_MBCS /I"C:\Program Files\NVIDIA GPU Computing Toolkit\CUDA\v7.5\include" /I"C:\Program Files\NVIDIA GPU Computing Toolkit\CUDA\v7.5\bin" /I"C:\Program Files\NVIDIA GPU Computing Toolkit\CUDA\v7.5\include" /I. /FIcuda_runtime.h /c C:\Users\David\Workspace\Uni_Programme\HighPerformanceComputing\NeuralNetworkParallel\NeuralXORParallel\NeuralXORParallel\kernel.cu 
       AddCudaCompileDeps:
         C:\Program Files (x86)\Microsoft Visual Studio 11.0\VC\bin\cl.exe /E /nologo /showIncludes /TP /D__CUDACC__ /DWIN32 /DNDEBUG /D_CONSOLE /D_MBCS /I"C:\Program Files\NVIDIA GPU Computing Toolkit\CUDA\v7.5\include" /I"C:\Program Files\NVIDIA GPU Computing Toolkit\CUDA\v7.5\bin" /I"C:\Program Files\NVIDIA GPU Computing Toolkit\CUDA\v7.5\include" /I. /FIcuda_runtime.h /c C:\Users\David\Workspace\Uni_Programme\HighPerformanceComputing\NeuralNetworkParallel\NeuralXORParallel\NeuralXORParallel\XORNetwork.cu 
       CudaBuild:
         Compiling CUDA source file BackpropagationKernel.cu...
         cmd.exe /C "C:\Users\David\AppData\Local\Temp\tmpf90cb131063c46d6beab152de897beba.cmd"
         "C:\Program Files\NVIDIA GPU Computing Toolkit\CUDA\v7.5\bin\nvcc.exe" -gencode=arch=compute_20,code=\"sm_20,compute_20\" --use-local-env --cl-version 2012 -ccbin "C:\Program Files (x86)\Microsoft Visual Studio 11.0\VC\bin"  -I"C:\Program Files\NVIDIA GPU Computing Toolkit\CUDA\v7.5\include" -I"C:\Program Files\NVIDIA GPU Computing Toolkit\CUDA\v7.5\include"     --keep-dir Release -maxrregcount=0  --machine 32 --compile -cudart static     -DWIN32 -DNDEBUG -D_CONSOLE -D_MBCS -Xcompiler "/EHsc /W3 /nologo /O2 /Zi  /MD " -o Release\BackpropagationKernel.cu.obj "C:\Users\David\Workspace\Uni_Programme\HighPerformanceComputing\NeuralNetworkParallel\NeuralXORParallel\NeuralXORParallel\BackpropagationKernel.cu"
         
         C:\Users\David\Workspace\Uni_Programme\HighPerformanceComputing\NeuralNetworkParallel\NeuralXORParallel\NeuralXORParallel>"C:\Program Files\NVIDIA GPU Computing Toolkit\CUDA\v7.5\bin\nvcc.exe" -gencode=arch=compute_20,code=\"sm_20,compute_20\" --use-local-env --cl-version 2012 -ccbin "C:\Program Files (x86)\Microsoft Visual Studio 11.0\VC\bin"  -I"C:\Program Files\NVIDIA GPU Computing Toolkit\CUDA\v7.5\include" -I"C:\Program Files\NVIDIA GPU Computing Toolkit\CUDA\v7.5\include"     --keep-dir Release -maxrregcount=0  --machine 32 --compile -cudart static     -DWIN32 -DNDEBUG -D_CONSOLE -D_MBCS -Xcompiler "/EHsc /W3 /nologo /O2 /Zi  /MD " -o Release\BackpropagationKernel.cu.obj "C:\Users\David\Workspace\Uni_Programme\HighPerformanceComputing\NeuralNetworkParallel\NeuralXORParallel\NeuralXORParallel\BackpropagationKernel.cu" 
         BackpropagationKernel.cu
       CudaBuild:
         Compiling CUDA source file kernel.cu...
         cmd.exe /C "C:\Users\David\AppData\Local\Temp\tmpd99ab167d7ac4a1f952ff4c05a05fc40.cmd"
         "C:\Program Files\NVIDIA GPU Computing Toolkit\CUDA\v7.5\bin\nvcc.exe" -gencode=arch=compute_20,code=\"sm_20,compute_20\" --use-local-env --cl-version 2012 -ccbin "C:\Program Files (x86)\Microsoft Visual Studio 11.0\VC\bin"  -I"C:\Program Files\NVIDIA GPU Computing Toolkit\CUDA\v7.5\include" -I"C:\Program Files\NVIDIA GPU Computing Toolkit\CUDA\v7.5\include"     --keep-dir Release -maxrregcount=0  --machine 32 --compile -cudart static     -DWIN32 -DNDEBUG -D_CONSOLE -D_MBCS -Xcompiler "/EHsc /W3 /nologo /O2 /Zi  /MD " -o Release\kernel.cu.obj "C:\Users\David\Workspace\Uni_Programme\HighPerformanceComputing\NeuralNetworkParallel\NeuralXORParallel\NeuralXORParallel\kernel.cu"
         
         C:\Users\David\Workspace\Uni_Programme\HighPerformanceComputing\NeuralNetworkParallel\NeuralXORParallel\NeuralXORParallel>"C:\Program Files\NVIDIA GPU Computing Toolkit\CUDA\v7.5\bin\nvcc.exe" -gencode=arch=compute_20,code=\"sm_20,compute_20\" --use-local-env --cl-version 2012 -ccbin "C:\Program Files (x86)\Microsoft Visual Studio 11.0\VC\bin"  -I"C:\Program Files\NVIDIA GPU Computing Toolkit\CUDA\v7.5\include" -I"C:\Program Files\NVIDIA GPU Computing Toolkit\CUDA\v7.5\include"     --keep-dir Release -maxrregcount=0  --machine 32 --compile -cudart static     -DWIN32 -DNDEBUG -D_CONSOLE -D_MBCS -Xcompiler "/EHsc /W3 /nologo /O2 /Zi  /MD " -o Release\kernel.cu.obj "C:\Users\David\Workspace\Uni_Programme\HighPerformanceComputing\NeuralNetworkParallel\NeuralXORParallel\NeuralXORParallel\kernel.cu" 
         kernel.cu
       CudaBuild:
         Compiling CUDA source file XORNetwork.cu...
         cmd.exe /C "C:\Users\David\AppData\Local\Temp\tmpaf3995cb61194032894c519a2e697fd4.cmd"
         "C:\Program Files\NVIDIA GPU Computing Toolkit\CUDA\v7.5\bin\nvcc.exe" -gencode=arch=compute_20,code=\"sm_20,compute_20\" --use-local-env --cl-version 2012 -ccbin "C:\Program Files (x86)\Microsoft Visual Studio 11.0\VC\bin"  -I"C:\Program Files\NVIDIA GPU Computing Toolkit\CUDA\v7.5\include" -I"C:\Program Files\NVIDIA GPU Computing Toolkit\CUDA\v7.5\include"     --keep-dir Release -maxrregcount=0  --machine 32 --compile -cudart static     -DWIN32 -DNDEBUG -D_CONSOLE -D_MBCS -Xcompiler "/EHsc /W3 /nologo /O2 /Zi  /MD " -o Release\XORNetwork.cu.obj "C:\Users\David\Workspace\Uni_Programme\HighPerformanceComputing\NeuralNetworkParallel\NeuralXORParallel\NeuralXORParallel\XORNetwork.cu"
         
         C:\Users\David\Workspace\Uni_Programme\HighPerformanceComputing\NeuralNetworkParallel\NeuralXORParallel\NeuralXORParallel>"C:\Program Files\NVIDIA GPU Computing Toolkit\CUDA\v7.5\bin\nvcc.exe" -gencode=arch=compute_20,code=\"sm_20,compute_20\" --use-local-env --cl-version 2012 -ccbin "C:\Program Files (x86)\Microsoft Visual Studio 11.0\VC\bin"  -I"C:\Program Files\NVIDIA GPU Computing Toolkit\CUDA\v7.5\include" -I"C:\Program Files\NVIDIA GPU Computing Toolkit\CUDA\v7.5\include"     --keep-dir Release -maxrregcount=0  --machine 32 --compile -cudart static     -DWIN32 -DNDEBUG -D_CONSOLE -D_MBCS -Xcompiler "/EHsc /W3 /nologo /O2 /Zi  /MD " -o Release\XORNetwork.cu.obj "C:\Users\David\Workspace\Uni_Programme\HighPerformanceComputing\NeuralNetworkParallel\NeuralXORParallel\NeuralXORParallel\XORNetwork.cu" 
     1>C:/Users/David/Workspace/Uni_Programme/HighPerformanceComputing/NeuralNetworkParallel/NeuralXORParallel/NeuralXORParallel/XORNetwork.cu(6): fatal error C1083: Datei (Include) kann nicht ge÷ffnet werden: "rapidjson\document.h": No such file or directory
         XORNetwork.cu
     1>C:\Program Files (x86)\MSBuild\Microsoft.Cpp\v4.0\V110\BuildCustomizations\CUDA 7.5.targets(604,9): error MSB3721: Der Befehl ""C:\Program Files\NVIDIA GPU Computing Toolkit\CUDA\v7.5\bin\nvcc.exe" -gencode=arch=compute_20,code=\"sm_20,compute_20\" --use-local-env --cl-version 2012 -ccbin "C:\Program Files (x86)\Microsoft Visual Studio 11.0\VC\bin"  -I"C:\Program Files\NVIDIA GPU Computing Toolkit\CUDA\v7.5\include" -I"C:\Program Files\NVIDIA GPU Computing Toolkit\CUDA\v7.5\include"     --keep-dir Release -maxrregcount=0  --machine 32 --compile -cudart static     -DWIN32 -DNDEBUG -D_CONSOLE -D_MBCS -Xcompiler "/EHsc /W3 /nologo /O2 /Zi  /MD " -o Release\XORNetwork.cu.obj "C:\Users\David\Workspace\Uni_Programme\HighPerformanceComputing\NeuralNetworkParallel\NeuralXORParallel\NeuralXORParallel\XORNetwork.cu"" wurde mit Code 2 beendet.
     1>Die Erstellung des Projekts "C:\Users\David\Workspace\Uni_Programme\HighPerformanceComputing\NeuralNetworkParallel\NeuralXORParallel\NeuralXORParallel\NeuralXORParallel.vcxproj" ist abgeschlossen, Build Ziel(e) -- FEHLER.

Fehler beim Buildvorgang.

Verstrichene Zeit 00:00:08.73
