C:\USERS\DAVID\WORKSPACE\UNI_PROGRAMME\HIGHPERFORMANCECOMPUTING\NEURALNETWORKPARALLEL\NEURALXORPARALLEL\NEURALXORPARALLEL\RELEASE\XORNETWORK.OBJ
C:\USERS\DAVID\WORKSPACE\UNI_PROGRAMME\HIGHPERFORMANCECOMPUTING\NEURALNETWORKPARALLEL\NEURALXORPARALLEL\NEURALXORPARALLEL\RELEASE\PERCEPTRON.OBJ
C:\USERS\DAVID\WORKSPACE\UNI_PROGRAMME\HIGHPERFORMANCECOMPUTING\NEURALNETWORKPARALLEL\NEURALXORPARALLEL\NEURALXORPARALLEL\RELEASE\VC110.PDB
C:\USERS\DAVID\WORKSPACE\UNI_PROGRAMME\HIGHPERFORMANCECOMPUTING\NEURALNETWORKPARALLEL\NEURALXORPARALLEL\RELEASE\NEURALXORPARALLEL.EXE
C:\USERS\DAVID\WORKSPACE\UNI_PROGRAMME\HIGHPERFORMANCECOMPUTING\NEURALNETWORKPARALLEL\NEURALXORPARALLEL\RELEASE\NEURALXORPARALLEL.PDB
C:\Users\David\Workspace\Uni_Programme\HighPerformanceComputing\NeuralNetworkParallel\NeuralXORParallel\NeuralXORParallel\Release\BackpropagationKernel.cu.cache
C:\Users\David\Workspace\Uni_Programme\HighPerformanceComputing\NeuralNetworkParallel\NeuralXORParallel\NeuralXORParallel\Release\kernel.cu.cache
C:\Users\David\Workspace\Uni_Programme\HighPerformanceComputing\NeuralNetworkParallel\NeuralXORParallel\NeuralXORParallel\Release\XORNetwork.cu.cache
C:\Users\David\Workspace\Uni_Programme\HighPerformanceComputing\NeuralNetworkParallel\NeuralXORParallel\NeuralXORParallel\Release\BackpropagationKernel.cu.obj
C:\Users\David\Workspace\Uni_Programme\HighPerformanceComputing\NeuralNetworkParallel\NeuralXORParallel\NeuralXORParallel\Release\kernel.cu.obj
C:\Users\David\Workspace\Uni_Programme\HighPerformanceComputing\NeuralNetworkParallel\NeuralXORParallel\NeuralXORParallel\Release\Perceptron.obj
C:\Users\David\Workspace\Uni_Programme\HighPerformanceComputing\NeuralNetworkParallel\NeuralXORParallel\NeuralXORParallel\Release\XORNetwork.cu.obj
C:\Users\David\Workspace\Uni_Programme\HighPerformanceComputing\NeuralNetworkParallel\NeuralXORParallel\NeuralXORParallel\Release\XORNetwork.obj
C:\Users\David\Workspace\Uni_Programme\HighPerformanceComputing\NeuralNetworkParallel\NeuralXORParallel\NeuralXORParallel\Release\cl.command.1.tlog
C:\Users\David\Workspace\Uni_Programme\HighPerformanceComputing\NeuralNetworkParallel\NeuralXORParallel\NeuralXORParallel\Release\CL.read.1.tlog
C:\Users\David\Workspace\Uni_Programme\HighPerformanceComputing\NeuralNetworkParallel\NeuralXORParallel\NeuralXORParallel\Release\CL.write.1.tlog
C:\Users\David\Workspace\Uni_Programme\HighPerformanceComputing\NeuralNetworkParallel\NeuralXORParallel\NeuralXORParallel\Release\link-cvtres.read.1.tlog
C:\Users\David\Workspace\Uni_Programme\HighPerformanceComputing\NeuralNetworkParallel\NeuralXORParallel\NeuralXORParallel\Release\link-cvtres.write.1.tlog
C:\Users\David\Workspace\Uni_Programme\HighPerformanceComputing\NeuralNetworkParallel\NeuralXORParallel\NeuralXORParallel\Release\link-rc.read.1.tlog
C:\Users\David\Workspace\Uni_Programme\HighPerformanceComputing\NeuralNetworkParallel\NeuralXORParallel\NeuralXORParallel\Release\link-rc.write.1.tlog
C:\Users\David\Workspace\Uni_Programme\HighPerformanceComputing\NeuralNetworkParallel\NeuralXORParallel\NeuralXORParallel\Release\link.command.1.tlog
C:\Users\David\Workspace\Uni_Programme\HighPerformanceComputing\NeuralNetworkParallel\NeuralXORParallel\NeuralXORParallel\Release\link.read.1.tlog
C:\Users\David\Workspace\Uni_Programme\HighPerformanceComputing\NeuralNetworkParallel\NeuralXORParallel\NeuralXORParallel\Release\link.write.1.tlog
C:\Users\David\Workspace\Uni_Programme\HighPerformanceComputing\NeuralNetworkParallel\NeuralXORParallel\NeuralXORParallel\Release\vc110.pdb
C:\Users\David\Workspace\Uni_Programme\HighPerformanceComputing\NeuralNetworkParallel\NeuralXORParallel\Release\NeuralXORParallel.pdb
C:\Users\David\Workspace\Uni_Programme\HighPerformanceComputing\NeuralNetworkParallel\NeuralXORParallel\Release\NeuralXORParallel.exe
