Der Buildvorgang wurde am 20.05.2016 18:29:26 gestartet.
     1>Projekt "C:\Users\David\Workspace\Uni_Programme\HighPerformanceComputing\NeuralNetworkParallel\NeuralXORParallel\NeuralXORParallel\NeuralXORParallel.vcxproj" auf Knoten "2", Build Ziel(e).
     1>CudaBuild:
         Compiling CUDA source file BackpropagationKernel.cu...
         cmd.exe /C "C:\Users\David\AppData\Local\Temp\tmp54888baa796c4c2e9bc3faa0ac21272b.cmd"
         "C:\Program Files\NVIDIA GPU Computing Toolkit\CUDA\v7.5\bin\nvcc.exe" -gencode=arch=compute_20,code=\"sm_20,compute_20\" --use-local-env --cl-version 2012 -ccbin "C:\Program Files (x86)\Microsoft Visual Studio 11.0\VC\bin\x86_amd64"  -I"C:\Users\David\Workspace\Libraries\RapidJSON\rapidjson-master\include" -I"C:\Program Files\NVIDIA GPU Computing Toolkit\CUDA\v7.5\include" -I"C:\Program Files\NVIDIA GPU Computing Toolkit\CUDA\v7.5\include"  -G   --keep-dir x64\Debug -maxrregcount=0  --machine 64 --compile -cudart static  -g   -DWIN32 -DWIN64 -D_DEBUG -D_CONSOLE -D_MBCS -Xcompiler "/EHsc /W3 /nologo /Od /Zi /RTC1 /MTd " -o x64\Debug\BackpropagationKernel.cu.obj "C:\Users\David\Workspace\Uni_Programme\HighPerformanceComputing\NeuralNetworkParallel\NeuralXORParallel\NeuralXORParallel\BackpropagationKernel.cu"
         
         C:\Users\David\Workspace\Uni_Programme\HighPerformanceComputing\NeuralNetworkParallel\NeuralXORParallel\NeuralXORParallel>"C:\Program Files\NVIDIA GPU Computing Toolkit\CUDA\v7.5\bin\nvcc.exe" -gencode=arch=compute_20,code=\"sm_20,compute_20\" --use-local-env --cl-version 2012 -ccbin "C:\Program Files (x86)\Microsoft Visual Studio 11.0\VC\bin\x86_amd64"  -I"C:\Users\David\Workspace\Libraries\RapidJSON\rapidjson-master\include" -I"C:\Program Files\NVIDIA GPU Computing Toolkit\CUDA\v7.5\include" -I"C:\Program Files\NVIDIA GPU Computing Toolkit\CUDA\v7.5\include"  -G   --keep-dir x64\Debug -maxrregcount=0  --machine 64 --compile -cudart static  -g   -DWIN32 -DWIN64 -D_DEBUG -D_CONSOLE -D_MBCS -Xcompiler "/EHsc /W3 /nologo /Od /Zi /RTC1 /MTd " -o x64\Debug\BackpropagationKernel.cu.obj "C:\Users\David\Workspace\Uni_Programme\HighPerformanceComputing\NeuralNetworkParallel\NeuralXORParallel\NeuralXORParallel\BackpropagationKernel.cu" 
         BackpropagationKernel.cu
       CudaBuild:
         Compiling CUDA source file kernel.cu...
         cmd.exe /C "C:\Users\David\AppData\Local\Temp\tmpa73e00eb4f3f4d9daff721cfa03a5cca.cmd"
         "C:\Program Files\NVIDIA GPU Computing Toolkit\CUDA\v7.5\bin\nvcc.exe" -gencode=arch=compute_20,code=\"sm_20,compute_20\" --use-local-env --cl-version 2012 -ccbin "C:\Program Files (x86)\Microsoft Visual Studio 11.0\VC\bin\x86_amd64"  -I"C:\Users\David\Workspace\Libraries\RapidJSON\rapidjson-master\include" -I"C:\Program Files\NVIDIA GPU Computing Toolkit\CUDA\v7.5\include" -I"C:\Program Files\NVIDIA GPU Computing Toolkit\CUDA\v7.5\include"  -G   --keep-dir x64\Debug -maxrregcount=0  --machine 64 --compile -cudart static  -g   -DWIN32 -DWIN64 -D_DEBUG -D_CONSOLE -D_MBCS -Xcompiler "/EHsc /W3 /nologo /Od /Zi /RTC1 /MTd " -o x64\Debug\kernel.cu.obj "C:\Users\David\Workspace\Uni_Programme\HighPerformanceComputing\NeuralNetworkParallel\NeuralXORParallel\NeuralXORParallel\kernel.cu"
         
         C:\Users\David\Workspace\Uni_Programme\HighPerformanceComputing\NeuralNetworkParallel\NeuralXORParallel\NeuralXORParallel>"C:\Program Files\NVIDIA GPU Computing Toolkit\CUDA\v7.5\bin\nvcc.exe" -gencode=arch=compute_20,code=\"sm_20,compute_20\" --use-local-env --cl-version 2012 -ccbin "C:\Program Files (x86)\Microsoft Visual Studio 11.0\VC\bin\x86_amd64"  -I"C:\Users\David\Workspace\Libraries\RapidJSON\rapidjson-master\include" -I"C:\Program Files\NVIDIA GPU Computing Toolkit\CUDA\v7.5\include" -I"C:\Program Files\NVIDIA GPU Computing Toolkit\CUDA\v7.5\include"  -G   --keep-dir x64\Debug -maxrregcount=0  --machine 64 --compile -cudart static  -g   -DWIN32 -DWIN64 -D_DEBUG -D_CONSOLE -D_MBCS -Xcompiler "/EHsc /W3 /nologo /Od /Zi /RTC1 /MTd " -o x64\Debug\kernel.cu.obj "C:\Users\David\Workspace\Uni_Programme\HighPerformanceComputing\NeuralNetworkParallel\NeuralXORParallel\NeuralXORParallel\kernel.cu" 
         kernel.cu
       CudaBuild:
         Compiling CUDA source file XORNetwork.cu...
         cmd.exe /C "C:\Users\David\AppData\Local\Temp\tmp14dcaf5b5ba541b78ac9e2d139d5fd8d.cmd"
         "C:\Program Files\NVIDIA GPU Computing Toolkit\CUDA\v7.5\bin\nvcc.exe" -gencode=arch=compute_20,code=\"sm_20,compute_20\" --use-local-env --cl-version 2012 -ccbin "C:\Program Files (x86)\Microsoft Visual Studio 11.0\VC\bin\x86_amd64"  -I"C:\Users\David\Workspace\Libraries\RapidJSON\rapidjson-master\include" -I"C:\Program Files\NVIDIA GPU Computing Toolkit\CUDA\v7.5\include" -I"C:\Program Files\NVIDIA GPU Computing Toolkit\CUDA\v7.5\include"  -G   --keep-dir x64\Debug -maxrregcount=0  --machine 64 --compile -cudart static  -g   -DWIN32 -DWIN64 -D_DEBUG -D_CONSOLE -D_MBCS -Xcompiler "/EHsc /W3 /nologo /Od /Zi /RTC1 /MTd " -o x64\Debug\XORNetwork.cu.obj "C:\Users\David\Workspace\Uni_Programme\HighPerformanceComputing\NeuralNetworkParallel\NeuralXORParallel\NeuralXORParallel\XORNetwork.cu"
         
         C:\Users\David\Workspace\Uni_Programme\HighPerformanceComputing\NeuralNetworkParallel\NeuralXORParallel\NeuralXORParallel>"C:\Program Files\NVIDIA GPU Computing Toolkit\CUDA\v7.5\bin\nvcc.exe" -gencode=arch=compute_20,code=\"sm_20,compute_20\" --use-local-env --cl-version 2012 -ccbin "C:\Program Files (x86)\Microsoft Visual Studio 11.0\VC\bin\x86_amd64"  -I"C:\Users\David\Workspace\Libraries\RapidJSON\rapidjson-master\include" -I"C:\Program Files\NVIDIA GPU Computing Toolkit\CUDA\v7.5\include" -I"C:\Program Files\NVIDIA GPU Computing Toolkit\CUDA\v7.5\include"  -G   --keep-dir x64\Debug -maxrregcount=0  --machine 64 --compile -cudart static  -g   -DWIN32 -DWIN64 -D_DEBUG -D_CONSOLE -D_MBCS -Xcompiler "/EHsc /W3 /nologo /Od /Zi /RTC1 /MTd " -o x64\Debug\XORNetwork.cu.obj "C:\Users\David\Workspace\Uni_Programme\HighPerformanceComputing\NeuralNetworkParallel\NeuralXORParallel\NeuralXORParallel\XORNetwork.cu" 
     1>C:\Users\David\Workspace\Libraries\RapidJSON\rapidjson-master\include\rapidjson\document.h(317): warning : missing return statement at end of non-void function "rapidjson::GenericStringRef<CharType>::operator="
     1>C:\Users\David\Workspace\Libraries\RapidJSON\rapidjson-master\include\rapidjson\document.h(508): warning : missing return statement at end of non-void function "rapidjson::internal::TypeHelper<ValueType, ValueType::Object>::Set(ValueType &, rapidjson::internal::TypeHelper<ValueType, ValueType::Object>::ObjectType, ValueType::AllocatorType &)"
         XORNetwork.cu
     1>C:/Users/David/Workspace/Uni_Programme/HighPerformanceComputing/NeuralNetworkParallel/NeuralXORParallel/NeuralXORParallel/XORNetwork.cu(135): warning C4267: 'Argument': Konvertierung von 'size_t' nach 'int', Datenverlust möglich
       ClCompile:
         C:\Program Files (x86)\Microsoft Visual Studio 11.0\VC\bin\x86_amd64\CL.exe /c /I"C:\Users\David\Workspace\Libraries\RapidJSON\rapidjson-master\include" /I"C:\Program Files\NVIDIA GPU Computing Toolkit\CUDA\v7.5\include" /Zi /nologo /W3 /WX- /Od /D WIN32 /D WIN64 /D _DEBUG /D _CONSOLE /D _MBCS /Gm /EHsc /RTC1 /MTd /GS /fp:precise /Zc:wchar_t /Zc:forScope /Fo"x64\Debug\\" /Fd"x64\Debug\vc110.pdb" /Gd /TP /errorReport:prompt Perceptron.cpp XORNetwork.cpp
         XORNetwork.cpp
         Perceptron.cpp
     1>Perceptron.cpp(11): warning C4267: 'Argument': Konvertierung von 'size_t' nach 'int', Datenverlust möglich
     1>Perceptron.cpp(33): warning C4267: 'return': Konvertierung von 'size_t' nach 'int', Datenverlust möglich
         Code wird generiert...
       Link:
         C:\Program Files (x86)\Microsoft Visual Studio 11.0\VC\bin\x86_amd64\link.exe /ERRORREPORT:PROMPT /OUT:"C:\Users\David\Workspace\Uni_Programme\HighPerformanceComputing\NeuralNetworkParallel\NeuralXORParallel\x64\Debug\NeuralXORParallel.exe" /INCREMENTAL /NOLOGO /LIBPATH:"C:\Program Files\NVIDIA GPU Computing Toolkit\CUDA\v7.5\lib\x64" cudart.lib kernel32.lib user32.lib gdi32.lib winspool.lib comdlg32.lib advapi32.lib shell32.lib ole32.lib oleaut32.lib uuid.lib odbc32.lib odbccp32.lib kernel32.lib user32.lib gdi32.lib winspool.lib comdlg32.lib advapi32.lib shell32.lib ole32.lib oleaut32.lib uuid.lib odbc32.lib odbccp32.lib /MANIFEST /MANIFESTUAC:"level='asInvoker' uiAccess='false'" /manifest:embed /DEBUG /PDB:"C:\Users\David\Workspace\Uni_Programme\HighPerformanceComputing\NeuralNetworkParallel\NeuralXORParallel\x64\Debug\NeuralXORParallel.pdb" /SUBSYSTEM:CONSOLE /TLBID:1 /DYNAMICBASE /NXCOMPAT /IMPLIB:"C:\Users\David\Workspace\Uni_Programme\HighPerformanceComputing\NeuralNetworkParallel\NeuralXORParallel\x64\Debug\NeuralXORParallel.lib" /MACHINE:X64 x64\Debug\BackpropagationKernel.cu.obj
         x64\Debug\kernel.cu.obj
         x64\Debug\XORNetwork.cu.obj
         x64\Debug\Perceptron.obj
         x64\Debug\XORNetwork.obj
         NeuralXORParallel.vcxproj -> C:\Users\David\Workspace\Uni_Programme\HighPerformanceComputing\NeuralNetworkParallel\NeuralXORParallel\x64\Debug\NeuralXORParallel.exe
       PostBuildEvent:
         echo copy "C:\Program Files\NVIDIA GPU Computing Toolkit\CUDA\v7.5\bin\cudart*.dll" "C:\Users\David\Workspace\Uni_Programme\HighPerformanceComputing\NeuralNetworkParallel\NeuralXORParallel\x64\Debug\"
         copy "C:\Program Files\NVIDIA GPU Computing Toolkit\CUDA\v7.5\bin\cudart*.dll" "C:\Users\David\Workspace\Uni_Programme\HighPerformanceComputing\NeuralNetworkParallel\NeuralXORParallel\x64\Debug\"
         :VCEnd
         copy "C:\Program Files\NVIDIA GPU Computing Toolkit\CUDA\v7.5\bin\cudart*.dll" "C:\Users\David\Workspace\Uni_Programme\HighPerformanceComputing\NeuralNetworkParallel\NeuralXORParallel\x64\Debug\"
         C:\Program Files\NVIDIA GPU Computing Toolkit\CUDA\v7.5\bin\cudart32_75.dll
         C:\Program Files\NVIDIA GPU Computing Toolkit\CUDA\v7.5\bin\cudart64_75.dll
                 2 Datei(en) kopiert.
     1>Die Erstellung des Projekts "C:\Users\David\Workspace\Uni_Programme\HighPerformanceComputing\NeuralNetworkParallel\NeuralXORParallel\NeuralXORParallel\NeuralXORParallel.vcxproj" ist abgeschlossen, Build Ziel(e).

Build erfolgreich.

Verstrichene Zeit 00:00:11.48
