Der Buildvorgang wurde am 26.05.2016 13:39:42 gestartet.
     1>Projekt "C:\Users\David\Workspace\Uni_Programme\HighPerformanceComputing\NeuralNetworkParallel\NeuralXORParallel\NeuralXORParallel\NeuralXORParallel.vcxproj" auf Knoten "2", Build Ziel(e).
     1>AddCudaCompileDeps:
         C:\Program Files (x86)\Microsoft Visual Studio 11.0\VC\bin\cl.exe /E /nologo /showIncludes /TP /D__CUDACC__ /DWIN32 /D_DEBUG /D_CONSOLE /D_MBCS /IC:\Users\David\Workspace\Libraries\RapidJSON\rapidjson-master\include /I"C:\Program Files\NVIDIA GPU Computing Toolkit\CUDA\v7.5\include" /I"C:\Program Files\NVIDIA GPU Computing Toolkit\CUDA\v7.5\bin" /I"C:\Program Files\NVIDIA GPU Computing Toolkit\CUDA\v7.5\include" /I. /FIcuda_runtime.h /c C:\Users\David\Workspace\Uni_Programme\HighPerformanceComputing\NeuralNetworkParallel\NeuralXORParallel\NeuralXORParallel\kernel.cu 
       CudaBuild:
         Compiling CUDA source file kernel.cu...
         cmd.exe /C "C:\Users\David\AppData\Local\Temp\tmpd121665080474441b2f27c1077cecb43.cmd"
         "C:\Program Files\NVIDIA GPU Computing Toolkit\CUDA\v7.5\bin\nvcc.exe" -gencode=arch=compute_20,code=\"sm_20,compute_20\" --use-local-env --cl-version 2012 -ccbin "C:\Program Files (x86)\Microsoft Visual Studio 11.0\VC\bin"  -I"C:\Users\David\Workspace\Libraries\RapidJSON\rapidjson-master\include" -I"C:\Program Files\NVIDIA GPU Computing Toolkit\CUDA\v7.5\include" -I"C:\Program Files\NVIDIA GPU Computing Toolkit\CUDA\v7.5\include"  -G   --keep-dir Debug -maxrregcount=0  --machine 32 --compile -cudart static  -g   -DWIN32 -D_DEBUG -D_CONSOLE -D_MBCS -Xcompiler "/EHsc /W3 /nologo /Od /Zi /RTC1 /MTd " -o Debug\kernel.cu.obj "C:\Users\David\Workspace\Uni_Programme\HighPerformanceComputing\NeuralNetworkParallel\NeuralXORParallel\NeuralXORParallel\kernel.cu"
         
         C:\Users\David\Workspace\Uni_Programme\HighPerformanceComputing\NeuralNetworkParallel\NeuralXORParallel\NeuralXORParallel>"C:\Program Files\NVIDIA GPU Computing Toolkit\CUDA\v7.5\bin\nvcc.exe" -gencode=arch=compute_20,code=\"sm_20,compute_20\" --use-local-env --cl-version 2012 -ccbin "C:\Program Files (x86)\Microsoft Visual Studio 11.0\VC\bin"  -I"C:\Users\David\Workspace\Libraries\RapidJSON\rapidjson-master\include" -I"C:\Program Files\NVIDIA GPU Computing Toolkit\CUDA\v7.5\include" -I"C:\Program Files\NVIDIA GPU Computing Toolkit\CUDA\v7.5\include"  -G   --keep-dir Debug -maxrregcount=0  --machine 32 --compile -cudart static  -g   -DWIN32 -D_DEBUG -D_CONSOLE -D_MBCS -Xcompiler "/EHsc /W3 /nologo /Od /Zi /RTC1 /MTd " -o Debug\kernel.cu.obj "C:\Users\David\Workspace\Uni_Programme\HighPerformanceComputing\NeuralNetworkParallel\NeuralXORParallel\NeuralXORParallel\kernel.cu" 
         kernel.cu
       Link:
         C:\Program Files (x86)\Microsoft Visual Studio 11.0\VC\bin\link.exe /ERRORREPORT:PROMPT /OUT:"C:\Users\David\Workspace\Uni_Programme\HighPerformanceComputing\NeuralNetworkParallel\NeuralXORParallel\Debug\NeuralXORParallel.exe" /INCREMENTAL /NOLOGO /LIBPATH:"C:\Program Files\NVIDIA GPU Computing Toolkit\CUDA\v7.5\lib\Win32" cudart.lib kernel32.lib user32.lib gdi32.lib winspool.lib comdlg32.lib advapi32.lib shell32.lib ole32.lib oleaut32.lib uuid.lib odbc32.lib odbccp32.lib kernel32.lib user32.lib gdi32.lib winspool.lib comdlg32.lib advapi32.lib shell32.lib ole32.lib oleaut32.lib uuid.lib odbc32.lib odbccp32.lib /MANIFEST /MANIFESTUAC:"level='asInvoker' uiAccess='false'" /manifest:embed /DEBUG /PDB:"C:\Users\David\Workspace\Uni_Programme\HighPerformanceComputing\NeuralNetworkParallel\NeuralXORParallel\Debug\NeuralXORParallel.pdb" /SUBSYSTEM:CONSOLE /TLBID:1 /DYNAMICBASE /NXCOMPAT /IMPLIB:"C:\Users\David\Workspace\Uni_Programme\HighPerformanceComputing\NeuralNetworkParallel\NeuralXORParallel\Debug\NeuralXORParallel.lib" /MACHINE:X86 Debug\BackpropagationKernel.cu.obj
         Debug\kernel.cu.obj
         Debug\XORNetwork.cu.obj
         Debug\Perceptron.obj
         Debug\XORNetwork.obj
         NeuralXORParallel.vcxproj -> C:\Users\David\Workspace\Uni_Programme\HighPerformanceComputing\NeuralNetworkParallel\NeuralXORParallel\Debug\NeuralXORParallel.exe
       PostBuildEvent:
         echo copy "C:\Program Files\NVIDIA GPU Computing Toolkit\CUDA\v7.5\bin\cudart*.dll" "C:\Users\David\Workspace\Uni_Programme\HighPerformanceComputing\NeuralNetworkParallel\NeuralXORParallel\Debug\"
         copy "C:\Program Files\NVIDIA GPU Computing Toolkit\CUDA\v7.5\bin\cudart*.dll" "C:\Users\David\Workspace\Uni_Programme\HighPerformanceComputing\NeuralNetworkParallel\NeuralXORParallel\Debug\"
         :VCEnd
         copy "C:\Program Files\NVIDIA GPU Computing Toolkit\CUDA\v7.5\bin\cudart*.dll" "C:\Users\David\Workspace\Uni_Programme\HighPerformanceComputing\NeuralNetworkParallel\NeuralXORParallel\Debug\"
         C:\Program Files\NVIDIA GPU Computing Toolkit\CUDA\v7.5\bin\cudart32_75.dll
         C:\Program Files\NVIDIA GPU Computing Toolkit\CUDA\v7.5\bin\cudart64_75.dll
                 2 Datei(en) kopiert.
     1>Die Erstellung des Projekts "C:\Users\David\Workspace\Uni_Programme\HighPerformanceComputing\NeuralNetworkParallel\NeuralXORParallel\NeuralXORParallel\NeuralXORParallel.vcxproj" ist abgeschlossen, Build Ziel(e).

Build erfolgreich.

Verstrichene Zeit 00:00:06.39
