C:\USERS\DAVID\WORKSPACE\UNI_PROGRAMME\HIGHPERFORMANCECOMPUTING\NEURALNETWORKPARALLEL\NEURALXORPARALLEL\NEURALXORPARALLEL\DEBUG\PERCEPTRON.OBJ
C:\USERS\DAVID\WORKSPACE\UNI_PROGRAMME\HIGHPERFORMANCECOMPUTING\NEURALNETWORKPARALLEL\NEURALXORPARALLEL\NEURALXORPARALLEL\DEBUG\XORNETWORK.OBJ
C:\USERS\DAVID\WORKSPACE\UNI_PROGRAMME\HIGHPERFORMANCECOMPUTING\NEURALNETWORKPARALLEL\NEURALXORPARALLEL\NEURALXORPARALLEL\DEBUG\VC110.PDB
C:\USERS\DAVID\WORKSPACE\UNI_PROGRAMME\HIGHPERFORMANCECOMPUTING\NEURALNETWORKPARALLEL\NEURALXORPARALLEL\DEBUG\NEURALXORPARALLEL.ILK
C:\USERS\DAVID\WORKSPACE\UNI_PROGRAMME\HIGHPERFORMANCECOMPUTING\NEURALNETWORKPARALLEL\NEURALXORPARALLEL\DEBUG\NEURALXORPARALLEL.EXE
C:\USERS\DAVID\WORKSPACE\UNI_PROGRAMME\HIGHPERFORMANCECOMPUTING\NEURALNETWORKPARALLEL\NEURALXORPARALLEL\DEBUG\NEURALXORPARALLEL.PDB
C:\Users\David\Workspace\Uni_Programme\HighPerformanceComputing\NeuralNetworkParallel\NeuralXORParallel\NeuralXORParallel\Debug\BackpropagationKernel.cu.cache
C:\Users\David\Workspace\Uni_Programme\HighPerformanceComputing\NeuralNetworkParallel\NeuralXORParallel\NeuralXORParallel\Debug\kernel.cu.cache
C:\Users\David\Workspace\Uni_Programme\HighPerformanceComputing\NeuralNetworkParallel\NeuralXORParallel\NeuralXORParallel\Debug\XORNetwork.cu.cache
C:\Users\David\Workspace\Uni_Programme\HighPerformanceComputing\NeuralNetworkParallel\NeuralXORParallel\NeuralXORParallel\Debug\BackpropagationKernel.cu.obj
C:\Users\David\Workspace\Uni_Programme\HighPerformanceComputing\NeuralNetworkParallel\NeuralXORParallel\NeuralXORParallel\Debug\kernel.cu.obj
C:\Users\David\Workspace\Uni_Programme\HighPerformanceComputing\NeuralNetworkParallel\NeuralXORParallel\NeuralXORParallel\Debug\Perceptron.obj
C:\Users\David\Workspace\Uni_Programme\HighPerformanceComputing\NeuralNetworkParallel\NeuralXORParallel\NeuralXORParallel\Debug\XORNetwork.cu.obj
C:\Users\David\Workspace\Uni_Programme\HighPerformanceComputing\NeuralNetworkParallel\NeuralXORParallel\NeuralXORParallel\Debug\XORNetwork.obj
C:\Users\David\Workspace\Uni_Programme\HighPerformanceComputing\NeuralNetworkParallel\NeuralXORParallel\NeuralXORParallel\Debug\cl.command.1.tlog
C:\Users\David\Workspace\Uni_Programme\HighPerformanceComputing\NeuralNetworkParallel\NeuralXORParallel\NeuralXORParallel\Debug\CL.read.1.tlog
C:\Users\David\Workspace\Uni_Programme\HighPerformanceComputing\NeuralNetworkParallel\NeuralXORParallel\NeuralXORParallel\Debug\CL.write.1.tlog
C:\Users\David\Workspace\Uni_Programme\HighPerformanceComputing\NeuralNetworkParallel\NeuralXORParallel\NeuralXORParallel\Debug\link-cvtres.read.1.tlog
C:\Users\David\Workspace\Uni_Programme\HighPerformanceComputing\NeuralNetworkParallel\NeuralXORParallel\NeuralXORParallel\Debug\link-cvtres.write.1.tlog
C:\Users\David\Workspace\Uni_Programme\HighPerformanceComputing\NeuralNetworkParallel\NeuralXORParallel\NeuralXORParallel\Debug\link-rc.read.1.tlog
C:\Users\David\Workspace\Uni_Programme\HighPerformanceComputing\NeuralNetworkParallel\NeuralXORParallel\NeuralXORParallel\Debug\link-rc.write.1.tlog
C:\Users\David\Workspace\Uni_Programme\HighPerformanceComputing\NeuralNetworkParallel\NeuralXORParallel\NeuralXORParallel\Debug\link.2824-cvtres.read.1.tlog
C:\Users\David\Workspace\Uni_Programme\HighPerformanceComputing\NeuralNetworkParallel\NeuralXORParallel\NeuralXORParallel\Debug\link.2824-cvtres.write.1.tlog
C:\Users\David\Workspace\Uni_Programme\HighPerformanceComputing\NeuralNetworkParallel\NeuralXORParallel\NeuralXORParallel\Debug\link.2824-rc.read.1.tlog
C:\Users\David\Workspace\Uni_Programme\HighPerformanceComputing\NeuralNetworkParallel\NeuralXORParallel\NeuralXORParallel\Debug\link.2824-rc.write.1.tlog
C:\Users\David\Workspace\Uni_Programme\HighPerformanceComputing\NeuralNetworkParallel\NeuralXORParallel\NeuralXORParallel\Debug\link.2824.read.1.tlog
C:\Users\David\Workspace\Uni_Programme\HighPerformanceComputing\NeuralNetworkParallel\NeuralXORParallel\NeuralXORParallel\Debug\link.2824.write.1.tlog
C:\Users\David\Workspace\Uni_Programme\HighPerformanceComputing\NeuralNetworkParallel\NeuralXORParallel\NeuralXORParallel\Debug\link.3940-cvtres.read.1.tlog
C:\Users\David\Workspace\Uni_Programme\HighPerformanceComputing\NeuralNetworkParallel\NeuralXORParallel\NeuralXORParallel\Debug\link.3940-cvtres.write.1.tlog
C:\Users\David\Workspace\Uni_Programme\HighPerformanceComputing\NeuralNetworkParallel\NeuralXORParallel\NeuralXORParallel\Debug\link.3940-rc.read.1.tlog
C:\Users\David\Workspace\Uni_Programme\HighPerformanceComputing\NeuralNetworkParallel\NeuralXORParallel\NeuralXORParallel\Debug\link.3940-rc.write.1.tlog
C:\Users\David\Workspace\Uni_Programme\HighPerformanceComputing\NeuralNetworkParallel\NeuralXORParallel\NeuralXORParallel\Debug\link.3940.read.1.tlog
C:\Users\David\Workspace\Uni_Programme\HighPerformanceComputing\NeuralNetworkParallel\NeuralXORParallel\NeuralXORParallel\Debug\link.3940.write.1.tlog
C:\Users\David\Workspace\Uni_Programme\HighPerformanceComputing\NeuralNetworkParallel\NeuralXORParallel\NeuralXORParallel\Debug\link.6964-cvtres.read.1.tlog
C:\Users\David\Workspace\Uni_Programme\HighPerformanceComputing\NeuralNetworkParallel\NeuralXORParallel\NeuralXORParallel\Debug\link.6964-cvtres.write.1.tlog
C:\Users\David\Workspace\Uni_Programme\HighPerformanceComputing\NeuralNetworkParallel\NeuralXORParallel\NeuralXORParallel\Debug\link.6964-rc.read.1.tlog
C:\Users\David\Workspace\Uni_Programme\HighPerformanceComputing\NeuralNetworkParallel\NeuralXORParallel\NeuralXORParallel\Debug\link.6964-rc.write.1.tlog
C:\Users\David\Workspace\Uni_Programme\HighPerformanceComputing\NeuralNetworkParallel\NeuralXORParallel\NeuralXORParallel\Debug\link.6964.read.1.tlog
C:\Users\David\Workspace\Uni_Programme\HighPerformanceComputing\NeuralNetworkParallel\NeuralXORParallel\NeuralXORParallel\Debug\link.6964.write.1.tlog
C:\Users\David\Workspace\Uni_Programme\HighPerformanceComputing\NeuralNetworkParallel\NeuralXORParallel\NeuralXORParallel\Debug\link.7640-cvtres.read.1.tlog
C:\Users\David\Workspace\Uni_Programme\HighPerformanceComputing\NeuralNetworkParallel\NeuralXORParallel\NeuralXORParallel\Debug\link.7640-cvtres.write.1.tlog
C:\Users\David\Workspace\Uni_Programme\HighPerformanceComputing\NeuralNetworkParallel\NeuralXORParallel\NeuralXORParallel\Debug\link.7640-rc.read.1.tlog
C:\Users\David\Workspace\Uni_Programme\HighPerformanceComputing\NeuralNetworkParallel\NeuralXORParallel\NeuralXORParallel\Debug\link.7640-rc.write.1.tlog
C:\Users\David\Workspace\Uni_Programme\HighPerformanceComputing\NeuralNetworkParallel\NeuralXORParallel\NeuralXORParallel\Debug\link.7640.read.1.tlog
C:\Users\David\Workspace\Uni_Programme\HighPerformanceComputing\NeuralNetworkParallel\NeuralXORParallel\NeuralXORParallel\Debug\link.7640.write.1.tlog
C:\Users\David\Workspace\Uni_Programme\HighPerformanceComputing\NeuralNetworkParallel\NeuralXORParallel\NeuralXORParallel\Debug\link.7816-cvtres.read.1.tlog
C:\Users\David\Workspace\Uni_Programme\HighPerformanceComputing\NeuralNetworkParallel\NeuralXORParallel\NeuralXORParallel\Debug\link.7816-cvtres.write.1.tlog
C:\Users\David\Workspace\Uni_Programme\HighPerformanceComputing\NeuralNetworkParallel\NeuralXORParallel\NeuralXORParallel\Debug\link.7816-rc.read.1.tlog
C:\Users\David\Workspace\Uni_Programme\HighPerformanceComputing\NeuralNetworkParallel\NeuralXORParallel\NeuralXORParallel\Debug\link.7816-rc.write.1.tlog
C:\Users\David\Workspace\Uni_Programme\HighPerformanceComputing\NeuralNetworkParallel\NeuralXORParallel\NeuralXORParallel\Debug\link.7816.read.1.tlog
C:\Users\David\Workspace\Uni_Programme\HighPerformanceComputing\NeuralNetworkParallel\NeuralXORParallel\NeuralXORParallel\Debug\link.7816.write.1.tlog
C:\Users\David\Workspace\Uni_Programme\HighPerformanceComputing\NeuralNetworkParallel\NeuralXORParallel\NeuralXORParallel\Debug\link.command.1.tlog
C:\Users\David\Workspace\Uni_Programme\HighPerformanceComputing\NeuralNetworkParallel\NeuralXORParallel\NeuralXORParallel\Debug\link.read.1.tlog
C:\Users\David\Workspace\Uni_Programme\HighPerformanceComputing\NeuralNetworkParallel\NeuralXORParallel\NeuralXORParallel\Debug\link.write.1.tlog
C:\Users\David\Workspace\Uni_Programme\HighPerformanceComputing\NeuralNetworkParallel\NeuralXORParallel\NeuralXORParallel\Debug\vc110.idb
C:\Users\David\Workspace\Uni_Programme\HighPerformanceComputing\NeuralNetworkParallel\NeuralXORParallel\NeuralXORParallel\Debug\vc110.pdb
C:\Users\David\Workspace\Uni_Programme\HighPerformanceComputing\NeuralNetworkParallel\NeuralXORParallel\Debug\NeuralXORParallel.pdb
C:\Users\David\Workspace\Uni_Programme\HighPerformanceComputing\NeuralNetworkParallel\NeuralXORParallel\Debug\NeuralXORParallel.exe
C:\Users\David\Workspace\Uni_Programme\HighPerformanceComputing\NeuralNetworkParallel\NeuralXORParallel\Debug\NeuralXORParallel.ilk
