C:\USERS\DAVID\WORKSPACE\UNI_PROGRAMME\HIGHPERFORMANCECOMPUTING\NEURALNETWORKSEQUENTIAL\NEURALTICTACTOE\NEURALTICTACTOE\DEBUG\NEURALTICTACTOE.PCH
C:\USERS\DAVID\WORKSPACE\UNI_PROGRAMME\HIGHPERFORMANCECOMPUTING\NEURALNETWORKSEQUENTIAL\NEURALTICTACTOE\NEURALTICTACTOE\DEBUG\STDAFX.OBJ
C:\USERS\DAVID\WORKSPACE\UNI_PROGRAMME\HIGHPERFORMANCECOMPUTING\NEURALNETWORKSEQUENTIAL\NEURALTICTACTOE\NEURALTICTACTOE\DEBUG\VC110.PDB
C:\USERS\DAVID\WORKSPACE\UNI_PROGRAMME\HIGHPERFORMANCECOMPUTING\NEURALNETWORKSEQUENTIAL\NEURALTICTACTOE\NEURALTICTACTOE\DEBUG\NEURALTICTACTOE.OBJ
C:\USERS\DAVID\WORKSPACE\UNI_PROGRAMME\HIGHPERFORMANCECOMPUTING\NEURALNETWORKSEQUENTIAL\NEURALTICTACTOE\NEURALTICTACTOE\DEBUG\TICTACTOE.OBJ
C:\USERS\DAVID\WORKSPACE\UNI_PROGRAMME\HIGHPERFORMANCECOMPUTING\NEURALNETWORKSEQUENTIAL\NEURALTICTACTOE\NEURALTICTACTOE\DEBUG\PERCEPTRON.OBJ
C:\USERS\DAVID\WORKSPACE\UNI_PROGRAMME\HIGHPERFORMANCECOMPUTING\NEURALNETWORKSEQUENTIAL\NEURALTICTACTOE\NEURALTICTACTOE\DEBUG\TICTACTOENETWORK.OBJ
C:\USERS\DAVID\WORKSPACE\UNI_PROGRAMME\HIGHPERFORMANCECOMPUTING\NEURALNETWORKSEQUENTIAL\NEURALTICTACTOE\NEURALTICTACTOE\DEBUG\TICTACTOEORACLE.OBJ
C:\USERS\DAVID\WORKSPACE\UNI_PROGRAMME\HIGHPERFORMANCECOMPUTING\NEURALNETWORKSEQUENTIAL\NEURALTICTACTOE\NEURALTICTACTOE\DEBUG\TESTNETWORK.OBJ
C:\USERS\DAVID\WORKSPACE\UNI_PROGRAMME\HIGHPERFORMANCECOMPUTING\NEURALNETWORKSEQUENTIAL\NEURALTICTACTOE\DEBUG\NEURALTICTACTOE.ILK
C:\USERS\DAVID\WORKSPACE\UNI_PROGRAMME\HIGHPERFORMANCECOMPUTING\NEURALNETWORKSEQUENTIAL\NEURALTICTACTOE\DEBUG\NEURALTICTACTOE.EXE
C:\USERS\DAVID\WORKSPACE\UNI_PROGRAMME\HIGHPERFORMANCECOMPUTING\NEURALNETWORKSEQUENTIAL\NEURALTICTACTOE\DEBUG\NEURALTICTACTOE.PDB
C:\Users\David\Workspace\Uni_Programme\HighPerformanceComputing\NeuralNetworkSequential\NeuralTicTacToe\NeuralTicTacToe\Debug\NeuralTicTacToe.obj
C:\Users\David\Workspace\Uni_Programme\HighPerformanceComputing\NeuralNetworkSequential\NeuralTicTacToe\NeuralTicTacToe\Debug\Perceptron.obj
C:\Users\David\Workspace\Uni_Programme\HighPerformanceComputing\NeuralNetworkSequential\NeuralTicTacToe\NeuralTicTacToe\Debug\stdafx.obj
C:\Users\David\Workspace\Uni_Programme\HighPerformanceComputing\NeuralNetworkSequential\NeuralTicTacToe\NeuralTicTacToe\Debug\TestNetwork.obj
C:\Users\David\Workspace\Uni_Programme\HighPerformanceComputing\NeuralNetworkSequential\NeuralTicTacToe\NeuralTicTacToe\Debug\TicTacToe.obj
C:\Users\David\Workspace\Uni_Programme\HighPerformanceComputing\NeuralNetworkSequential\NeuralTicTacToe\NeuralTicTacToe\Debug\TicTacToeNetwork.obj
C:\Users\David\Workspace\Uni_Programme\HighPerformanceComputing\NeuralNetworkSequential\NeuralTicTacToe\NeuralTicTacToe\Debug\TicTacToeOracle.obj
C:\Users\David\Workspace\Uni_Programme\HighPerformanceComputing\NeuralNetworkSequential\NeuralTicTacToe\NeuralTicTacToe\Debug\cl.command.1.tlog
C:\Users\David\Workspace\Uni_Programme\HighPerformanceComputing\NeuralNetworkSequential\NeuralTicTacToe\NeuralTicTacToe\Debug\CL.read.1.tlog
C:\Users\David\Workspace\Uni_Programme\HighPerformanceComputing\NeuralNetworkSequential\NeuralTicTacToe\NeuralTicTacToe\Debug\CL.write.1.tlog
C:\Users\David\Workspace\Uni_Programme\HighPerformanceComputing\NeuralNetworkSequential\NeuralTicTacToe\NeuralTicTacToe\Debug\link-cvtres.read.1.tlog
C:\Users\David\Workspace\Uni_Programme\HighPerformanceComputing\NeuralNetworkSequential\NeuralTicTacToe\NeuralTicTacToe\Debug\link-cvtres.write.1.tlog
C:\Users\David\Workspace\Uni_Programme\HighPerformanceComputing\NeuralNetworkSequential\NeuralTicTacToe\NeuralTicTacToe\Debug\link-rc.read.1.tlog
C:\Users\David\Workspace\Uni_Programme\HighPerformanceComputing\NeuralNetworkSequential\NeuralTicTacToe\NeuralTicTacToe\Debug\link-rc.write.1.tlog
C:\Users\David\Workspace\Uni_Programme\HighPerformanceComputing\NeuralNetworkSequential\NeuralTicTacToe\NeuralTicTacToe\Debug\link.1080-cvtres.read.1.tlog
C:\Users\David\Workspace\Uni_Programme\HighPerformanceComputing\NeuralNetworkSequential\NeuralTicTacToe\NeuralTicTacToe\Debug\link.1080-cvtres.write.1.tlog
C:\Users\David\Workspace\Uni_Programme\HighPerformanceComputing\NeuralNetworkSequential\NeuralTicTacToe\NeuralTicTacToe\Debug\link.1080-rc.read.1.tlog
C:\Users\David\Workspace\Uni_Programme\HighPerformanceComputing\NeuralNetworkSequential\NeuralTicTacToe\NeuralTicTacToe\Debug\link.1080-rc.write.1.tlog
C:\Users\David\Workspace\Uni_Programme\HighPerformanceComputing\NeuralNetworkSequential\NeuralTicTacToe\NeuralTicTacToe\Debug\link.1080.read.1.tlog
C:\Users\David\Workspace\Uni_Programme\HighPerformanceComputing\NeuralNetworkSequential\NeuralTicTacToe\NeuralTicTacToe\Debug\link.1080.write.1.tlog
C:\Users\David\Workspace\Uni_Programme\HighPerformanceComputing\NeuralNetworkSequential\NeuralTicTacToe\NeuralTicTacToe\Debug\link.11388-cvtres.read.1.tlog
C:\Users\David\Workspace\Uni_Programme\HighPerformanceComputing\NeuralNetworkSequential\NeuralTicTacToe\NeuralTicTacToe\Debug\link.11388-cvtres.write.1.tlog
C:\Users\David\Workspace\Uni_Programme\HighPerformanceComputing\NeuralNetworkSequential\NeuralTicTacToe\NeuralTicTacToe\Debug\link.11388-rc.read.1.tlog
C:\Users\David\Workspace\Uni_Programme\HighPerformanceComputing\NeuralNetworkSequential\NeuralTicTacToe\NeuralTicTacToe\Debug\link.11388-rc.write.1.tlog
C:\Users\David\Workspace\Uni_Programme\HighPerformanceComputing\NeuralNetworkSequential\NeuralTicTacToe\NeuralTicTacToe\Debug\link.11388.read.1.tlog
C:\Users\David\Workspace\Uni_Programme\HighPerformanceComputing\NeuralNetworkSequential\NeuralTicTacToe\NeuralTicTacToe\Debug\link.11388.write.1.tlog
C:\Users\David\Workspace\Uni_Programme\HighPerformanceComputing\NeuralNetworkSequential\NeuralTicTacToe\NeuralTicTacToe\Debug\link.11616-cvtres.read.1.tlog
C:\Users\David\Workspace\Uni_Programme\HighPerformanceComputing\NeuralNetworkSequential\NeuralTicTacToe\NeuralTicTacToe\Debug\link.11616-cvtres.write.1.tlog
C:\Users\David\Workspace\Uni_Programme\HighPerformanceComputing\NeuralNetworkSequential\NeuralTicTacToe\NeuralTicTacToe\Debug\link.11616-rc.read.1.tlog
C:\Users\David\Workspace\Uni_Programme\HighPerformanceComputing\NeuralNetworkSequential\NeuralTicTacToe\NeuralTicTacToe\Debug\link.11616-rc.write.1.tlog
C:\Users\David\Workspace\Uni_Programme\HighPerformanceComputing\NeuralNetworkSequential\NeuralTicTacToe\NeuralTicTacToe\Debug\link.11616.read.1.tlog
C:\Users\David\Workspace\Uni_Programme\HighPerformanceComputing\NeuralNetworkSequential\NeuralTicTacToe\NeuralTicTacToe\Debug\link.11616.write.1.tlog
C:\Users\David\Workspace\Uni_Programme\HighPerformanceComputing\NeuralNetworkSequential\NeuralTicTacToe\NeuralTicTacToe\Debug\link.11712-cvtres.read.1.tlog
C:\Users\David\Workspace\Uni_Programme\HighPerformanceComputing\NeuralNetworkSequential\NeuralTicTacToe\NeuralTicTacToe\Debug\link.11712-cvtres.write.1.tlog
C:\Users\David\Workspace\Uni_Programme\HighPerformanceComputing\NeuralNetworkSequential\NeuralTicTacToe\NeuralTicTacToe\Debug\link.11712-rc.read.1.tlog
C:\Users\David\Workspace\Uni_Programme\HighPerformanceComputing\NeuralNetworkSequential\NeuralTicTacToe\NeuralTicTacToe\Debug\link.11712-rc.write.1.tlog
C:\Users\David\Workspace\Uni_Programme\HighPerformanceComputing\NeuralNetworkSequential\NeuralTicTacToe\NeuralTicTacToe\Debug\link.11712.read.1.tlog
C:\Users\David\Workspace\Uni_Programme\HighPerformanceComputing\NeuralNetworkSequential\NeuralTicTacToe\NeuralTicTacToe\Debug\link.11712.write.1.tlog
C:\Users\David\Workspace\Uni_Programme\HighPerformanceComputing\NeuralNetworkSequential\NeuralTicTacToe\NeuralTicTacToe\Debug\link.12144-cvtres.read.1.tlog
C:\Users\David\Workspace\Uni_Programme\HighPerformanceComputing\NeuralNetworkSequential\NeuralTicTacToe\NeuralTicTacToe\Debug\link.12144-cvtres.write.1.tlog
C:\Users\David\Workspace\Uni_Programme\HighPerformanceComputing\NeuralNetworkSequential\NeuralTicTacToe\NeuralTicTacToe\Debug\link.12144-rc.read.1.tlog
C:\Users\David\Workspace\Uni_Programme\HighPerformanceComputing\NeuralNetworkSequential\NeuralTicTacToe\NeuralTicTacToe\Debug\link.12144-rc.write.1.tlog
C:\Users\David\Workspace\Uni_Programme\HighPerformanceComputing\NeuralNetworkSequential\NeuralTicTacToe\NeuralTicTacToe\Debug\link.12144.read.1.tlog
C:\Users\David\Workspace\Uni_Programme\HighPerformanceComputing\NeuralNetworkSequential\NeuralTicTacToe\NeuralTicTacToe\Debug\link.12144.write.1.tlog
C:\Users\David\Workspace\Uni_Programme\HighPerformanceComputing\NeuralNetworkSequential\NeuralTicTacToe\NeuralTicTacToe\Debug\link.12172-cvtres.read.1.tlog
C:\Users\David\Workspace\Uni_Programme\HighPerformanceComputing\NeuralNetworkSequential\NeuralTicTacToe\NeuralTicTacToe\Debug\link.12172-cvtres.write.1.tlog
C:\Users\David\Workspace\Uni_Programme\HighPerformanceComputing\NeuralNetworkSequential\NeuralTicTacToe\NeuralTicTacToe\Debug\link.12172-rc.read.1.tlog
C:\Users\David\Workspace\Uni_Programme\HighPerformanceComputing\NeuralNetworkSequential\NeuralTicTacToe\NeuralTicTacToe\Debug\link.12172-rc.write.1.tlog
C:\Users\David\Workspace\Uni_Programme\HighPerformanceComputing\NeuralNetworkSequential\NeuralTicTacToe\NeuralTicTacToe\Debug\link.12172.read.1.tlog
C:\Users\David\Workspace\Uni_Programme\HighPerformanceComputing\NeuralNetworkSequential\NeuralTicTacToe\NeuralTicTacToe\Debug\link.12172.write.1.tlog
C:\Users\David\Workspace\Uni_Programme\HighPerformanceComputing\NeuralNetworkSequential\NeuralTicTacToe\NeuralTicTacToe\Debug\link.2092-cvtres.read.1.tlog
C:\Users\David\Workspace\Uni_Programme\HighPerformanceComputing\NeuralNetworkSequential\NeuralTicTacToe\NeuralTicTacToe\Debug\link.2092-cvtres.write.1.tlog
C:\Users\David\Workspace\Uni_Programme\HighPerformanceComputing\NeuralNetworkSequential\NeuralTicTacToe\NeuralTicTacToe\Debug\link.2092-rc.read.1.tlog
C:\Users\David\Workspace\Uni_Programme\HighPerformanceComputing\NeuralNetworkSequential\NeuralTicTacToe\NeuralTicTacToe\Debug\link.2092-rc.write.1.tlog
C:\Users\David\Workspace\Uni_Programme\HighPerformanceComputing\NeuralNetworkSequential\NeuralTicTacToe\NeuralTicTacToe\Debug\link.2092.read.1.tlog
C:\Users\David\Workspace\Uni_Programme\HighPerformanceComputing\NeuralNetworkSequential\NeuralTicTacToe\NeuralTicTacToe\Debug\link.2092.write.1.tlog
C:\Users\David\Workspace\Uni_Programme\HighPerformanceComputing\NeuralNetworkSequential\NeuralTicTacToe\NeuralTicTacToe\Debug\link.3060-cvtres.read.1.tlog
C:\Users\David\Workspace\Uni_Programme\HighPerformanceComputing\NeuralNetworkSequential\NeuralTicTacToe\NeuralTicTacToe\Debug\link.3060-cvtres.write.1.tlog
C:\Users\David\Workspace\Uni_Programme\HighPerformanceComputing\NeuralNetworkSequential\NeuralTicTacToe\NeuralTicTacToe\Debug\link.3060-rc.read.1.tlog
C:\Users\David\Workspace\Uni_Programme\HighPerformanceComputing\NeuralNetworkSequential\NeuralTicTacToe\NeuralTicTacToe\Debug\link.3060-rc.write.1.tlog
C:\Users\David\Workspace\Uni_Programme\HighPerformanceComputing\NeuralNetworkSequential\NeuralTicTacToe\NeuralTicTacToe\Debug\link.3060.read.1.tlog
C:\Users\David\Workspace\Uni_Programme\HighPerformanceComputing\NeuralNetworkSequential\NeuralTicTacToe\NeuralTicTacToe\Debug\link.3060.write.1.tlog
C:\Users\David\Workspace\Uni_Programme\HighPerformanceComputing\NeuralNetworkSequential\NeuralTicTacToe\NeuralTicTacToe\Debug\link.3400-cvtres.read.1.tlog
C:\Users\David\Workspace\Uni_Programme\HighPerformanceComputing\NeuralNetworkSequential\NeuralTicTacToe\NeuralTicTacToe\Debug\link.3400-cvtres.write.1.tlog
C:\Users\David\Workspace\Uni_Programme\HighPerformanceComputing\NeuralNetworkSequential\NeuralTicTacToe\NeuralTicTacToe\Debug\link.3400-rc.read.1.tlog
C:\Users\David\Workspace\Uni_Programme\HighPerformanceComputing\NeuralNetworkSequential\NeuralTicTacToe\NeuralTicTacToe\Debug\link.3400-rc.write.1.tlog
C:\Users\David\Workspace\Uni_Programme\HighPerformanceComputing\NeuralNetworkSequential\NeuralTicTacToe\NeuralTicTacToe\Debug\link.3400.read.1.tlog
C:\Users\David\Workspace\Uni_Programme\HighPerformanceComputing\NeuralNetworkSequential\NeuralTicTacToe\NeuralTicTacToe\Debug\link.3400.write.1.tlog
C:\Users\David\Workspace\Uni_Programme\HighPerformanceComputing\NeuralNetworkSequential\NeuralTicTacToe\NeuralTicTacToe\Debug\link.3560-cvtres.read.1.tlog
C:\Users\David\Workspace\Uni_Programme\HighPerformanceComputing\NeuralNetworkSequential\NeuralTicTacToe\NeuralTicTacToe\Debug\link.3560-cvtres.write.1.tlog
C:\Users\David\Workspace\Uni_Programme\HighPerformanceComputing\NeuralNetworkSequential\NeuralTicTacToe\NeuralTicTacToe\Debug\link.3560-rc.read.1.tlog
C:\Users\David\Workspace\Uni_Programme\HighPerformanceComputing\NeuralNetworkSequential\NeuralTicTacToe\NeuralTicTacToe\Debug\link.3560-rc.write.1.tlog
C:\Users\David\Workspace\Uni_Programme\HighPerformanceComputing\NeuralNetworkSequential\NeuralTicTacToe\NeuralTicTacToe\Debug\link.3560.read.1.tlog
C:\Users\David\Workspace\Uni_Programme\HighPerformanceComputing\NeuralNetworkSequential\NeuralTicTacToe\NeuralTicTacToe\Debug\link.3560.write.1.tlog
C:\Users\David\Workspace\Uni_Programme\HighPerformanceComputing\NeuralNetworkSequential\NeuralTicTacToe\NeuralTicTacToe\Debug\link.4408-cvtres.read.1.tlog
C:\Users\David\Workspace\Uni_Programme\HighPerformanceComputing\NeuralNetworkSequential\NeuralTicTacToe\NeuralTicTacToe\Debug\link.4408-cvtres.write.1.tlog
C:\Users\David\Workspace\Uni_Programme\HighPerformanceComputing\NeuralNetworkSequential\NeuralTicTacToe\NeuralTicTacToe\Debug\link.4408-rc.read.1.tlog
C:\Users\David\Workspace\Uni_Programme\HighPerformanceComputing\NeuralNetworkSequential\NeuralTicTacToe\NeuralTicTacToe\Debug\link.4408-rc.write.1.tlog
C:\Users\David\Workspace\Uni_Programme\HighPerformanceComputing\NeuralNetworkSequential\NeuralTicTacToe\NeuralTicTacToe\Debug\link.4408.read.1.tlog
C:\Users\David\Workspace\Uni_Programme\HighPerformanceComputing\NeuralNetworkSequential\NeuralTicTacToe\NeuralTicTacToe\Debug\link.4408.write.1.tlog
C:\Users\David\Workspace\Uni_Programme\HighPerformanceComputing\NeuralNetworkSequential\NeuralTicTacToe\NeuralTicTacToe\Debug\link.5712-cvtres.read.1.tlog
C:\Users\David\Workspace\Uni_Programme\HighPerformanceComputing\NeuralNetworkSequential\NeuralTicTacToe\NeuralTicTacToe\Debug\link.5712-cvtres.write.1.tlog
C:\Users\David\Workspace\Uni_Programme\HighPerformanceComputing\NeuralNetworkSequential\NeuralTicTacToe\NeuralTicTacToe\Debug\link.5712-rc.read.1.tlog
C:\Users\David\Workspace\Uni_Programme\HighPerformanceComputing\NeuralNetworkSequential\NeuralTicTacToe\NeuralTicTacToe\Debug\link.5712-rc.write.1.tlog
C:\Users\David\Workspace\Uni_Programme\HighPerformanceComputing\NeuralNetworkSequential\NeuralTicTacToe\NeuralTicTacToe\Debug\link.5712.read.1.tlog
C:\Users\David\Workspace\Uni_Programme\HighPerformanceComputing\NeuralNetworkSequential\NeuralTicTacToe\NeuralTicTacToe\Debug\link.5712.write.1.tlog
C:\Users\David\Workspace\Uni_Programme\HighPerformanceComputing\NeuralNetworkSequential\NeuralTicTacToe\NeuralTicTacToe\Debug\link.7432-cvtres.read.1.tlog
C:\Users\David\Workspace\Uni_Programme\HighPerformanceComputing\NeuralNetworkSequential\NeuralTicTacToe\NeuralTicTacToe\Debug\link.7432-cvtres.write.1.tlog
C:\Users\David\Workspace\Uni_Programme\HighPerformanceComputing\NeuralNetworkSequential\NeuralTicTacToe\NeuralTicTacToe\Debug\link.7432-rc.read.1.tlog
C:\Users\David\Workspace\Uni_Programme\HighPerformanceComputing\NeuralNetworkSequential\NeuralTicTacToe\NeuralTicTacToe\Debug\link.7432-rc.write.1.tlog
C:\Users\David\Workspace\Uni_Programme\HighPerformanceComputing\NeuralNetworkSequential\NeuralTicTacToe\NeuralTicTacToe\Debug\link.7432.read.1.tlog
C:\Users\David\Workspace\Uni_Programme\HighPerformanceComputing\NeuralNetworkSequential\NeuralTicTacToe\NeuralTicTacToe\Debug\link.7432.write.1.tlog
C:\Users\David\Workspace\Uni_Programme\HighPerformanceComputing\NeuralNetworkSequential\NeuralTicTacToe\NeuralTicTacToe\Debug\link.8908-cvtres.read.1.tlog
C:\Users\David\Workspace\Uni_Programme\HighPerformanceComputing\NeuralNetworkSequential\NeuralTicTacToe\NeuralTicTacToe\Debug\link.8908-cvtres.write.1.tlog
C:\Users\David\Workspace\Uni_Programme\HighPerformanceComputing\NeuralNetworkSequential\NeuralTicTacToe\NeuralTicTacToe\Debug\link.8908-rc.read.1.tlog
C:\Users\David\Workspace\Uni_Programme\HighPerformanceComputing\NeuralNetworkSequential\NeuralTicTacToe\NeuralTicTacToe\Debug\link.8908-rc.write.1.tlog
C:\Users\David\Workspace\Uni_Programme\HighPerformanceComputing\NeuralNetworkSequential\NeuralTicTacToe\NeuralTicTacToe\Debug\link.8908.read.1.tlog
C:\Users\David\Workspace\Uni_Programme\HighPerformanceComputing\NeuralNetworkSequential\NeuralTicTacToe\NeuralTicTacToe\Debug\link.8908.write.1.tlog
C:\Users\David\Workspace\Uni_Programme\HighPerformanceComputing\NeuralNetworkSequential\NeuralTicTacToe\NeuralTicTacToe\Debug\link.9488-cvtres.read.1.tlog
C:\Users\David\Workspace\Uni_Programme\HighPerformanceComputing\NeuralNetworkSequential\NeuralTicTacToe\NeuralTicTacToe\Debug\link.9488-cvtres.write.1.tlog
C:\Users\David\Workspace\Uni_Programme\HighPerformanceComputing\NeuralNetworkSequential\NeuralTicTacToe\NeuralTicTacToe\Debug\link.9488-rc.read.1.tlog
C:\Users\David\Workspace\Uni_Programme\HighPerformanceComputing\NeuralNetworkSequential\NeuralTicTacToe\NeuralTicTacToe\Debug\link.9488-rc.write.1.tlog
C:\Users\David\Workspace\Uni_Programme\HighPerformanceComputing\NeuralNetworkSequential\NeuralTicTacToe\NeuralTicTacToe\Debug\link.9488.read.1.tlog
C:\Users\David\Workspace\Uni_Programme\HighPerformanceComputing\NeuralNetworkSequential\NeuralTicTacToe\NeuralTicTacToe\Debug\link.9488.write.1.tlog
C:\Users\David\Workspace\Uni_Programme\HighPerformanceComputing\NeuralNetworkSequential\NeuralTicTacToe\NeuralTicTacToe\Debug\link.command.1.tlog
C:\Users\David\Workspace\Uni_Programme\HighPerformanceComputing\NeuralNetworkSequential\NeuralTicTacToe\NeuralTicTacToe\Debug\link.read.1.tlog
C:\Users\David\Workspace\Uni_Programme\HighPerformanceComputing\NeuralNetworkSequential\NeuralTicTacToe\NeuralTicTacToe\Debug\link.write.1.tlog
C:\Users\David\Workspace\Uni_Programme\HighPerformanceComputing\NeuralNetworkSequential\NeuralTicTacToe\NeuralTicTacToe\Debug\NeuralTicTacToe.pch
C:\Users\David\Workspace\Uni_Programme\HighPerformanceComputing\NeuralNetworkSequential\NeuralTicTacToe\NeuralTicTacToe\Debug\vc110.idb
C:\Users\David\Workspace\Uni_Programme\HighPerformanceComputing\NeuralNetworkSequential\NeuralTicTacToe\NeuralTicTacToe\Debug\vc110.pdb
C:\Users\David\Workspace\Uni_Programme\HighPerformanceComputing\NeuralNetworkSequential\NeuralTicTacToe\Debug\NeuralTicTacToe.pdb
C:\Users\David\Workspace\Uni_Programme\HighPerformanceComputing\NeuralNetworkSequential\NeuralTicTacToe\Debug\NeuralTicTacToe.exe
C:\Users\David\Workspace\Uni_Programme\HighPerformanceComputing\NeuralNetworkSequential\NeuralTicTacToe\Debug\NeuralTicTacToe.ilk
