C:\USERS\DAVID\WORKSPACE\UNI_PROGRAMME\HIGHPERFORMANCECOMPUTING\NEURALNETWORKSEQUENTIAL\NEURALXOR\NEURALXOR\NEURALXOR\DEBUG\NEURALXOR.PCH
C:\USERS\DAVID\WORKSPACE\UNI_PROGRAMME\HIGHPERFORMANCECOMPUTING\NEURALNETWORKSEQUENTIAL\NEURALXOR\NEURALXOR\NEURALXOR\DEBUG\STDAFX.OBJ
C:\USERS\DAVID\WORKSPACE\UNI_PROGRAMME\HIGHPERFORMANCECOMPUTING\NEURALNETWORKSEQUENTIAL\NEURALXOR\NEURALXOR\NEURALXOR\DEBUG\VC110.PDB
C:\USERS\DAVID\WORKSPACE\UNI_PROGRAMME\HIGHPERFORMANCECOMPUTING\NEURALNETWORKSEQUENTIAL\NEURALXOR\NEURALXOR\NEURALXOR\DEBUG\NEURALXOR.OBJ
C:\USERS\DAVID\WORKSPACE\UNI_PROGRAMME\HIGHPERFORMANCECOMPUTING\NEURALNETWORKSEQUENTIAL\NEURALXOR\NEURALXOR\NEURALXOR\DEBUG\PERCEPTRON.OBJ
C:\USERS\DAVID\WORKSPACE\UNI_PROGRAMME\HIGHPERFORMANCECOMPUTING\NEURALNETWORKSEQUENTIAL\NEURALXOR\NEURALXOR\NEURALXOR\DEBUG\TESTNETWORK.OBJ
C:\USERS\DAVID\WORKSPACE\UNI_PROGRAMME\HIGHPERFORMANCECOMPUTING\NEURALNETWORKSEQUENTIAL\NEURALXOR\NEURALXOR\NEURALXOR\DEBUG\XORNETWORK.OBJ
C:\USERS\DAVID\WORKSPACE\UNI_PROGRAMME\HIGHPERFORMANCECOMPUTING\NEURALNETWORKSEQUENTIAL\NEURALXOR\NEURALXOR\DEBUG\NEURALXOR.ILK
C:\USERS\DAVID\WORKSPACE\UNI_PROGRAMME\HIGHPERFORMANCECOMPUTING\NEURALNETWORKSEQUENTIAL\NEURALXOR\NEURALXOR\DEBUG\NEURALXOR.EXE
C:\USERS\DAVID\WORKSPACE\UNI_PROGRAMME\HIGHPERFORMANCECOMPUTING\NEURALNETWORKSEQUENTIAL\NEURALXOR\NEURALXOR\DEBUG\NEURALXOR.PDB
C:\Users\David\Workspace\Uni_Programme\HighPerformanceComputing\NeuralNetworkSequential\NeuralXOR\NeuralXOR\NeuralXOR\Debug\NeuralXOR.obj
C:\Users\David\Workspace\Uni_Programme\HighPerformanceComputing\NeuralNetworkSequential\NeuralXOR\NeuralXOR\NeuralXOR\Debug\Perceptron.obj
C:\Users\David\Workspace\Uni_Programme\HighPerformanceComputing\NeuralNetworkSequential\NeuralXOR\NeuralXOR\NeuralXOR\Debug\stdafx.obj
C:\Users\David\Workspace\Uni_Programme\HighPerformanceComputing\NeuralNetworkSequential\NeuralXOR\NeuralXOR\NeuralXOR\Debug\TestNetwork.obj
C:\Users\David\Workspace\Uni_Programme\HighPerformanceComputing\NeuralNetworkSequential\NeuralXOR\NeuralXOR\NeuralXOR\Debug\XORNetwork.obj
C:\Users\David\Workspace\Uni_Programme\HighPerformanceComputing\NeuralNetworkSequential\NeuralXOR\NeuralXOR\NeuralXOR\Debug\cl.command.1.tlog
C:\Users\David\Workspace\Uni_Programme\HighPerformanceComputing\NeuralNetworkSequential\NeuralXOR\NeuralXOR\NeuralXOR\Debug\CL.read.1.tlog
C:\Users\David\Workspace\Uni_Programme\HighPerformanceComputing\NeuralNetworkSequential\NeuralXOR\NeuralXOR\NeuralXOR\Debug\CL.write.1.tlog
C:\Users\David\Workspace\Uni_Programme\HighPerformanceComputing\NeuralNetworkSequential\NeuralXOR\NeuralXOR\NeuralXOR\Debug\link-cvtres.read.1.tlog
C:\Users\David\Workspace\Uni_Programme\HighPerformanceComputing\NeuralNetworkSequential\NeuralXOR\NeuralXOR\NeuralXOR\Debug\link-cvtres.write.1.tlog
C:\Users\David\Workspace\Uni_Programme\HighPerformanceComputing\NeuralNetworkSequential\NeuralXOR\NeuralXOR\NeuralXOR\Debug\link-rc.read.1.tlog
C:\Users\David\Workspace\Uni_Programme\HighPerformanceComputing\NeuralNetworkSequential\NeuralXOR\NeuralXOR\NeuralXOR\Debug\link-rc.write.1.tlog
C:\Users\David\Workspace\Uni_Programme\HighPerformanceComputing\NeuralNetworkSequential\NeuralXOR\NeuralXOR\NeuralXOR\Debug\link.command.1.tlog
C:\Users\David\Workspace\Uni_Programme\HighPerformanceComputing\NeuralNetworkSequential\NeuralXOR\NeuralXOR\NeuralXOR\Debug\link.read.1.tlog
C:\Users\David\Workspace\Uni_Programme\HighPerformanceComputing\NeuralNetworkSequential\NeuralXOR\NeuralXOR\NeuralXOR\Debug\link.write.1.tlog
C:\Users\David\Workspace\Uni_Programme\HighPerformanceComputing\NeuralNetworkSequential\NeuralXOR\NeuralXOR\NeuralXOR\Debug\NeuralXOR.pch
C:\Users\David\Workspace\Uni_Programme\HighPerformanceComputing\NeuralNetworkSequential\NeuralXOR\NeuralXOR\NeuralXOR\Debug\vc110.idb
C:\Users\David\Workspace\Uni_Programme\HighPerformanceComputing\NeuralNetworkSequential\NeuralXOR\NeuralXOR\NeuralXOR\Debug\vc110.pdb
C:\Users\David\Workspace\Uni_Programme\HighPerformanceComputing\NeuralNetworkSequential\NeuralXOR\NeuralXOR\Debug\NeuralXOR.pdb
C:\Users\David\Workspace\Uni_Programme\HighPerformanceComputing\NeuralNetworkSequential\NeuralXOR\NeuralXOR\Debug\NeuralXOR.exe
C:\Users\David\Workspace\Uni_Programme\HighPerformanceComputing\NeuralNetworkSequential\NeuralXOR\NeuralXOR\Debug\NeuralXOR.ilk
